<?xml version="1.0" encoding="UTF-8"?>
<!-- Generated by org.testng.reporters.JUnitReportReporter -->
<testsuite hostname="LAPTOP-6HBRLCIJ" failures="0" tests="1" name="javapractise.BubbleSortALL" time="0.017" errors="0" timestamp="2023-10-12T14:38:57 IST" skipped="0">
  <testcase classname="javapractise.BubbleSortALL" name="sortAnArrayInAscendingOrder" time="0.017"/>
</testsuite> <!-- javapractise.BubbleSortALL -->
