<?xml version="1.0" encoding="UTF-8"?>
<!-- Generated by org.testng.reporters.JUnitReportReporter -->
<testsuite hostname="LAPTOP-6HBRLCIJ" failures="0" tests="1" name="javaArpMam.SwapAStringWithoutTemp" time="0.025" errors="0" timestamp="2023-10-14T14:55:21 IST" skipped="0">
  <testcase classname="javaArpMam.SwapAStringWithoutTemp" name="inter" time="0.025"/>
</testsuite> <!-- javaArpMam.SwapAStringWithoutTemp -->
