<?xml version="1.0" encoding="UTF-8"?>
<!-- Generated by org.testng.reporters.JUnitReportReporter -->
<testsuite hostname="LAPTOP-6HBRLCIJ" failures="0" tests="1" name="stringPractice.ReverseString" time="0.012" errors="0" timestamp="2023-10-14T00:30:25 IST" skipped="0">
  <testcase classname="stringPractice.ReverseString" name="reverseWithSpace" time="0.012"/>
</testsuite> <!-- stringPractice.ReverseString -->
