<?xml version="1.0" encoding="UTF-8"?>
<!-- Generated by org.testng.reporters.JUnitReportReporter -->
<testsuite hostname="LAPTOP-6HBRLCIJ" failures="0" tests="1" name="Demo.FlipKart" time="9.346" errors="0" timestamp="2023-10-05T13:07:24 IST" skipped="0">
  <testcase classname="Demo.FlipKart" name="flipkartTest" time="9.346"/>
</testsuite> <!-- Demo.FlipKart -->
