<?xml version="1.0" encoding="UTF-8"?>
<!-- Generated by org.testng.reporters.JUnitReportReporter -->
<testsuite hostname="LAPTOP-6HBRLCIJ" failures="0" tests="1" name="lastDayJava.FactorialOfaNum" time="0.010" errors="0" timestamp="2023-10-11T17:39:24 IST" skipped="0">
  <testcase classname="lastDayJava.FactorialOfaNum" name="primeNum" time="0.010"/>
</testsuite> <!-- lastDayJava.FactorialOfaNum -->
