<?xml version="1.0" encoding="UTF-8"?>
<!-- Generated by org.testng.reporters.JUnitReportReporter -->
<testsuite hostname="LAPTOP-6HBRLCIJ" failures="0" tests="1" name="mapQueastions.MAPPrac" time="0.014" errors="0" timestamp="2023-10-12T00:46:10 IST" skipped="0">
  <testcase classname="mapQueastions.MAPPrac" name="countvowelsWithoutduplicate" time="0.014"/>
</testsuite> <!-- mapQueastions.MAPPrac -->
