<?xml version="1.0" encoding="UTF-8"?>
<!-- Generated by org.testng.reporters.JUnitReportReporter -->
<testsuite hostname="LAPTOP-6HBRLCIJ" failures="0" tests="1" name="mapQueastions.MapPrac2" time="0.016" errors="0" timestamp="2023-10-12T10:07:23 IST" skipped="0">
  <testcase classname="mapQueastions.MapPrac2" name="Occurancewithoutduplicate" time="0.016"/>
</testsuite> <!-- mapQueastions.MapPrac2 -->
