<?xml version="1.0" encoding="UTF-8"?>
<!-- Generated by org.testng.reporters.JUnitReportReporter -->
<testsuite hostname="LAPTOP-6HBRLCIJ" failures="0" tests="1" name="javapractise.BubbleSort" time="0.012" errors="0" timestamp="2023-10-06T22:22:37 IST" skipped="0">
  <testcase classname="javapractise.BubbleSort" name="mulOf1stThreeMaxNum" time="0.012"/>
</testsuite> <!-- javapractise.BubbleSort -->
