<?xml version="1.0" encoding="UTF-8"?>
<!-- Generated by org.testng.reporters.JUnitReportReporter -->
<testsuite hostname="LAPTOP-6HBRLCIJ" failures="0" tests="1" name="mapQueastions.MapPrac3" time="0.014" errors="0" timestamp="2023-10-12T10:09:12 IST" skipped="0">
  <testcase classname="mapQueastions.MapPrac3" name="OccuranceOfDuplicate" time="0.014"/>
</testsuite> <!-- mapQueastions.MapPrac3 -->
