<?xml version="1.0" encoding="UTF-8"?>
<!-- Generated by org.testng.reporters.JUnitReportReporter -->
<testsuite hostname="LAPTOP-6HBRLCIJ" failures="0" tests="1" name="javapractise.demo" time="0.011" errors="0" timestamp="2023-10-06T13:26:19 IST" skipped="0">
  <testcase classname="javapractise.demo" name="find1stAnd2ndMaxNumInArrayWithoutBBsort" time="0.011"/>
</testsuite> <!-- javapractise.demo -->
