<?xml version="1.0" encoding="UTF-8"?>
<!-- Generated by org.testng.reporters.JUnitReportReporter -->
<testsuite hostname="LAPTOP-6HBRLCIJ" failures="0" tests="1" name="Demo.FacebookTest" time="2.584" errors="0" timestamp="2023-10-05T13:42:35 IST" skipped="0">
  <testcase classname="Demo.FacebookTest" name="facebookTest" time="2.584"/>
</testsuite> <!-- Demo.FacebookTest -->
