<?xml version="1.0" encoding="UTF-8"?>
<!-- Generated by org.testng.reporters.JUnitReportReporter -->
<testsuite hostname="LAPTOP-6HBRLCIJ" failures="0" tests="1" name="stringPractice.Vowels" time="0.108" errors="0" timestamp="2023-10-12T00:26:21 IST" skipped="0">
  <testcase classname="stringPractice.Vowels" name="segaragateNumberAlphandcharInaString" time="0.108"/>
</testsuite> <!-- stringPractice.Vowels -->
