<?xml version="1.0" encoding="UTF-8"?>
<!-- Generated by org.testng.reporters.JUnitReportReporter -->
<testsuite hostname="LAPTOP-6HBRLCIJ" failures="0" tests="1" name="mayurPrac.PatternPrac" time="0.011" errors="0" timestamp="2023-10-11T17:58:33 IST" skipped="0">
  <testcase classname="mayurPrac.PatternPrac" name="pattern2" time="0.011"/>
</testsuite> <!-- mayurPrac.PatternPrac -->
